[rospy.client][INFO] 2024-05-21 13:49:23,681: init_node, name[/run_torchvision], pid[123]
[xmlrpc][INFO] 2024-05-21 13:49:23,691: XML-RPC server binding to 0.0.0.0:0
[xmlrpc][INFO] 2024-05-21 13:49:23,697: Started XML-RPC server [http://robot2:44499/]
[rospy.init][INFO] 2024-05-21 13:49:23,698: ROS Slave URI: [http://robot2:44499/]
[rospy.impl.masterslave][INFO] 2024-05-21 13:49:23,699: _ready: http://robot2:44499/
[rospy.registration][INFO] 2024-05-21 13:49:23,702: Registering with master node http://robot2:11311
[xmlrpc][INFO] 2024-05-21 13:49:23,703: xml rpc node: starting XML-RPC server
[rospy.init][INFO] 2024-05-21 13:49:23,800: registered with master
[rospy.rosout][INFO] 2024-05-21 13:49:23,801: initializing /rosout core topic
[rospy.rosout][INFO] 2024-05-21 13:49:23,815: connected to core topic /rosout
[rospy.simtime][INFO] 2024-05-21 13:49:23,818: /use_sim_time is not set, will not subscribe to simulated time [/clock] topic
[rosout][INFO] 2024-05-21 13:49:23,827: Using data dir: /project/ParallelCollaborativeInference/data/ImageNet;
[rosout][INFO] 2024-05-21 13:49:23,831: device cuda:0; task classification; model_arch resnet101; dataset ImageNet
[rospy.internal][INFO] 2024-05-21 13:49:24,031: topic[/rosout] adding connection to [/rosout], count 0
[rosout][INFO] 2024-05-21 13:49:37,497: Configuring torch to use deterministic behaviors.
[rosout][INFO] 2024-05-21 13:49:37,504: parallel approach mixed2
[rosout][INFO] 2024-05-21 13:49:37,646: constraint_latency False
[rosout][INFO] 2024-05-21 13:49:37,651: Warning: model still requires grad. Setting requires grad to False.
[rosout][INFO] 2024-05-21 13:49:37,663: Connecting to server 192.168.10.8:12345
[rosout][INFO] 2024-05-21 13:49:37,674: Connected to server 192.168.10.8: 12345
[rosout][INFO] 2024-05-21 13:49:37,683: Model parameter number 44.5492M.
[rosout][INFO] 2024-05-21 13:49:42,622: Send model to server 170.5548MB.
[rosout][INFO] 2024-05-21 13:49:42,898: client: started.
[rosout][INFO] 2024-05-21 13:49:43,677: client: send init input to server
[rosout][INFO] 2024-05-21 13:49:43,701: Input size 0.5746MB
[rosout][INFO] 2024-05-21 13:49:43,721: Forwarding for 1(+2 warmup and 3 repeat) times for initialization.
[rosout][INFO] 2024-05-21 13:49:50,888: Forward of the original model takes average 0.0774s.
[rosout][INFO] 2024-05-21 13:49:51,598: pickle.dumps size to time poly: 
           2
5.443e-16 x + 5.296e-10 x + 0.0007003
[rosout][INFO] 2024-05-21 13:49:51,603: pickle.loads size to time poly: 
            2
-2.056e-17 x + 7.03e-10 x + 0.0005445
[rosout][INFO] 2024-05-21 13:49:51,613: Output size 0.0042MB
[rosout][INFO] 2024-05-21 13:49:52,005: Local random exec takes average 0.0773s.
[rosout][INFO] 2024-05-21 13:49:52,011: Using torch.profiler for op profile
[rospy.core][INFO] 2024-05-21 13:50:00,451: signal_shutdown [signal-2]
[rospy.core][INFO] 2024-05-21 13:50:00,451: signal_shutdown [signal-2]
[rospy.core][INFO] 2024-05-21 13:50:00,451: signal_shutdown [signal-2]
[rospy.core][INFO] 2024-05-21 13:50:00,458: signal_shutdown [signal-2]
[rospy.core][INFO] 2024-05-21 13:50:00,456: signal_shutdown [signal-2]
[rospy.internal][INFO] 2024-05-21 13:50:00,471: topic[/rosout] removing connection to /rosout
[rospy.internal][INFO] 2024-05-21 13:50:00,472: topic[/rosout] removing connection to /rosout
[rospy.impl.masterslave][INFO] 2024-05-21 13:50:00,475: signal-2
[rospy.internal][INFO] 2024-05-21 13:50:00,474: topic[/rosout] removing connection to /rosout
[rospy.impl.masterslave][INFO] 2024-05-21 13:50:00,477: signal-2
[rospy.internal][INFO] 2024-05-21 13:50:00,478: topic[/rosout] removing connection to /rosout
[rospy.impl.masterslave][INFO] 2024-05-21 13:50:00,480: signal-2
[rospy.internal][INFO] 2024-05-21 13:50:00,481: topic[/rosout] removing connection to /rosout
[rospy.impl.masterslave][INFO] 2024-05-21 13:50:00,483: signal-2
[rospy.impl.masterslave][INFO] 2024-05-21 13:50:00,475: signal-2
[rosout][INFO] 2024-05-21 13:50:08,680: Operator records (align ops time with factor 1.0219): 
[rosout][INFO] 2024-05-21 13:50:08,689: 0 _start: input_from: [], output_to: [1], output_shapes: [torch.Size([1, 3, 224, 224])], barrier: True, local dim: 3;  accu_time 0.0000s
[rosout][INFO] 2024-05-21 13:50:08,696: 1 conv2d: input_from: [0], output_to: [2], output_shapes: [torch.Size([1, 64, 112, 112])], barrier: False, local dim: 3;  accu_time 0.0015s
[rosout][INFO] 2024-05-21 13:50:08,701: 2 batch_norm: input_from: [1], output_to: [3], output_shapes: [torch.Size([1, 64, 112, 112])], barrier: False, local dim: 3;  accu_time 0.0017s
[rosout][INFO] 2024-05-21 13:50:08,706: 3 relu: input_from: [2], output_to: [4], output_shapes: [torch.Size([1, 64, 112, 112])], barrier: False, local dim: 3;  accu_time 0.0018s
[rosout][INFO] 2024-05-21 13:50:08,716: 4 max_pool2d: input_from: [3], output_to: [5, 13], output_shapes: [torch.Size([1, 64, 56, 56])], barrier: False, local dim: 3;  accu_time 0.0020s
[rosout][INFO] 2024-05-21 13:50:08,721: 5 conv2d: input_from: [4], output_to: [6], output_shapes: [torch.Size([1, 64, 56, 56])], barrier: False, local dim: 3;  accu_time 0.0022s
[rosout][INFO] 2024-05-21 13:50:08,726: 6 batch_norm: input_from: [5], output_to: [7], output_shapes: [torch.Size([1, 64, 56, 56])], barrier: False, local dim: 3;  accu_time 0.0022s
[rosout][INFO] 2024-05-21 13:50:08,731: 7 relu: input_from: [6], output_to: [8], output_shapes: [torch.Size([1, 64, 56, 56])], barrier: False, local dim: 3;  accu_time 0.0023s
[rosout][INFO] 2024-05-21 13:50:08,736: 8 conv2d: input_from: [7], output_to: [9], output_shapes: [torch.Size([1, 64, 56, 56])], barrier: False, local dim: 3;  accu_time 0.0027s
[rosout][INFO] 2024-05-21 13:50:08,744: 9 batch_norm: input_from: [8], output_to: [10], output_shapes: [torch.Size([1, 64, 56, 56])], barrier: False, local dim: 3;  accu_time 0.0028s
[rosout][INFO] 2024-05-21 13:50:08,750: 10 relu: input_from: [9], output_to: [11], output_shapes: [torch.Size([1, 64, 56, 56])], barrier: False, local dim: 3;  accu_time 0.0028s
[rosout][INFO] 2024-05-21 13:50:08,755: 11 conv2d: input_from: [10], output_to: [12], output_shapes: [torch.Size([1, 256, 56, 56])], barrier: False, local dim: 3;  accu_time 0.0034s
[rosout][INFO] 2024-05-21 13:50:08,763: 12 batch_norm: input_from: [11], output_to: [15], output_shapes: [torch.Size([1, 256, 56, 56])], barrier: False, local dim: 3;  accu_time 0.0036s
[rosout][INFO] 2024-05-21 13:50:08,768: 13 conv2d: input_from: [4], output_to: [14], output_shapes: [torch.Size([1, 256, 56, 56])], barrier: False, local dim: 3;  accu_time 0.0041s
[rosout][INFO] 2024-05-21 13:50:08,773: 14 batch_norm: input_from: [13], output_to: [15], output_shapes: [torch.Size([1, 256, 56, 56])], barrier: False, local dim: 3;  accu_time 0.0043s
[rosout][INFO] 2024-05-21 13:50:08,779: 15 add_: input_from: [12, 14], output_to: [16], output_shapes: [torch.Size([1, 256, 56, 56])], barrier: False, local dim: 3;  accu_time 0.0045s
[rosout][INFO] 2024-05-21 13:50:08,784: 16 relu: input_from: [15], output_to: [17, 25], output_shapes: [torch.Size([1, 256, 56, 56])], barrier: False, local dim: 3;  accu_time 0.0047s
[rosout][INFO] 2024-05-21 13:50:08,792: 17 conv2d: input_from: [16], output_to: [18], output_shapes: [torch.Size([1, 64, 56, 56])], barrier: False, local dim: 3;  accu_time 0.0052s
[rosout][INFO] 2024-05-21 13:50:08,798: 18 batch_norm: input_from: [17], output_to: [19], output_shapes: [torch.Size([1, 64, 56, 56])], barrier: False, local dim: 3;  accu_time 0.0053s
[rosout][INFO] 2024-05-21 13:50:08,807: 19 relu: input_from: [18], output_to: [20], output_shapes: [torch.Size([1, 64, 56, 56])], barrier: False, local dim: 3;  accu_time 0.0053s
[rosout][INFO] 2024-05-21 13:50:08,812: 20 conv2d: input_from: [19], output_to: [21], output_shapes: [torch.Size([1, 64, 56, 56])], barrier: False, local dim: 3;  accu_time 0.0058s
[rosout][INFO] 2024-05-21 13:50:08,823: 21 batch_norm: input_from: [20], output_to: [22], output_shapes: [torch.Size([1, 64, 56, 56])], barrier: False, local dim: 3;  accu_time 0.0058s
[rosout][INFO] 2024-05-21 13:50:08,828: 22 relu: input_from: [21], output_to: [23], output_shapes: [torch.Size([1, 64, 56, 56])], barrier: False, local dim: 3;  accu_time 0.0059s
[rosout][INFO] 2024-05-21 13:50:08,833: 23 conv2d: input_from: [22], output_to: [24], output_shapes: [torch.Size([1, 256, 56, 56])], barrier: False, local dim: 3;  accu_time 0.0064s
[rosout][INFO] 2024-05-21 13:50:08,838: 24 batch_norm: input_from: [23], output_to: [25], output_shapes: [torch.Size([1, 256, 56, 56])], barrier: False, local dim: 3;  accu_time 0.0066s
[rosout][INFO] 2024-05-21 13:50:08,844: 25 add_: input_from: [24, 16], output_to: [26], output_shapes: [torch.Size([1, 256, 56, 56])], barrier: False, local dim: 3;  accu_time 0.0068s
[rosout][INFO] 2024-05-21 13:50:08,851: 26 relu: input_from: [25], output_to: [27, 35], output_shapes: [torch.Size([1, 256, 56, 56])], barrier: False, local dim: 3;  accu_time 0.0070s
[rosout][INFO] 2024-05-21 13:50:08,856: 27 conv2d: input_from: [26], output_to: [28], output_shapes: [torch.Size([1, 64, 56, 56])], barrier: False, local dim: 3;  accu_time 0.0075s
[rosout][INFO] 2024-05-21 13:50:08,861: 28 batch_norm: input_from: [27], output_to: [29], output_shapes: [torch.Size([1, 64, 56, 56])], barrier: False, local dim: 3;  accu_time 0.0075s
[rosout][INFO] 2024-05-21 13:50:08,865: 29 relu: input_from: [28], output_to: [30], output_shapes: [torch.Size([1, 64, 56, 56])], barrier: False, local dim: 3;  accu_time 0.0076s
[rosout][INFO] 2024-05-21 13:50:08,871: 30 conv2d: input_from: [29], output_to: [31], output_shapes: [torch.Size([1, 64, 56, 56])], barrier: False, local dim: 3;  accu_time 0.0081s
[rosout][INFO] 2024-05-21 13:50:08,877: 31 batch_norm: input_from: [30], output_to: [32], output_shapes: [torch.Size([1, 64, 56, 56])], barrier: False, local dim: 3;  accu_time 0.0081s
[rosout][INFO] 2024-05-21 13:50:08,882: 32 relu: input_from: [31], output_to: [33], output_shapes: [torch.Size([1, 64, 56, 56])], barrier: False, local dim: 3;  accu_time 0.0082s
[rosout][INFO] 2024-05-21 13:50:08,886: 33 conv2d: input_from: [32], output_to: [34], output_shapes: [torch.Size([1, 256, 56, 56])], barrier: False, local dim: 3;  accu_time 0.0087s
[rosout][INFO] 2024-05-21 13:50:08,893: 34 batch_norm: input_from: [33], output_to: [35], output_shapes: [torch.Size([1, 256, 56, 56])], barrier: False, local dim: 3;  accu_time 0.0089s
[rosout][INFO] 2024-05-21 13:50:08,898: 35 add_: input_from: [34, 26], output_to: [36], output_shapes: [torch.Size([1, 256, 56, 56])], barrier: False, local dim: 3;  accu_time 0.0091s
[rosout][INFO] 2024-05-21 13:50:08,903: 36 relu: input_from: [35], output_to: [37, 45], output_shapes: [torch.Size([1, 256, 56, 56])], barrier: False, local dim: 3;  accu_time 0.0093s
[rosout][INFO] 2024-05-21 13:50:08,908: 37 conv2d: input_from: [36], output_to: [38], output_shapes: [torch.Size([1, 128, 56, 56])], barrier: False, local dim: 3;  accu_time 0.0102s
[rosout][INFO] 2024-05-21 13:50:08,914: 38 batch_norm: input_from: [37], output_to: [39], output_shapes: [torch.Size([1, 128, 56, 56])], barrier: False, local dim: 3;  accu_time 0.0103s
[rosout][INFO] 2024-05-21 13:50:08,920: 39 relu: input_from: [38], output_to: [40], output_shapes: [torch.Size([1, 128, 56, 56])], barrier: False, local dim: 3;  accu_time 0.0104s
[rosout][INFO] 2024-05-21 13:50:08,925: 40 conv2d: input_from: [39], output_to: [41], output_shapes: [torch.Size([1, 128, 28, 28])], barrier: False, local dim: 3;  accu_time 0.0114s
[rosout][INFO] 2024-05-21 13:50:08,930: 41 batch_norm: input_from: [40], output_to: [42], output_shapes: [torch.Size([1, 128, 28, 28])], barrier: False, local dim: 3;  accu_time 0.0115s
[rosout][INFO] 2024-05-21 13:50:08,936: 42 relu: input_from: [41], output_to: [43], output_shapes: [torch.Size([1, 128, 28, 28])], barrier: False, local dim: 3;  accu_time 0.0115s
[rosout][INFO] 2024-05-21 13:50:08,942: 43 conv2d: input_from: [42], output_to: [44], output_shapes: [torch.Size([1, 512, 28, 28])], barrier: False, local dim: 3;  accu_time 0.0120s
[rosout][INFO] 2024-05-21 13:50:08,948: 44 batch_norm: input_from: [43], output_to: [47], output_shapes: [torch.Size([1, 512, 28, 28])], barrier: False, local dim: 3;  accu_time 0.0121s
[rosout][INFO] 2024-05-21 13:50:08,952: 45 conv2d: input_from: [36], output_to: [46], output_shapes: [torch.Size([1, 512, 28, 28])], barrier: False, local dim: 3;  accu_time 0.0129s
[rosout][INFO] 2024-05-21 13:50:08,969: 46 batch_norm: input_from: [45], output_to: [47], output_shapes: [torch.Size([1, 512, 28, 28])], barrier: False, local dim: 3;  accu_time 0.0130s
[rosout][INFO] 2024-05-21 13:50:08,974: 47 add_: input_from: [44, 46], output_to: [48], output_shapes: [torch.Size([1, 512, 28, 28])], barrier: False, local dim: 3;  accu_time 0.0131s
[rosout][INFO] 2024-05-21 13:50:08,981: 48 relu: input_from: [47], output_to: [49, 57], output_shapes: [torch.Size([1, 512, 28, 28])], barrier: False, local dim: 3;  accu_time 0.0132s
[rosout][INFO] 2024-05-21 13:50:08,986: 49 conv2d: input_from: [48], output_to: [50], output_shapes: [torch.Size([1, 128, 28, 28])], barrier: False, local dim: 3;  accu_time 0.0137s
[rosout][INFO] 2024-05-21 13:50:08,991: 50 batch_norm: input_from: [49], output_to: [51], output_shapes: [torch.Size([1, 128, 28, 28])], barrier: False, local dim: 3;  accu_time 0.0138s
[rosout][INFO] 2024-05-21 13:50:08,996: 51 relu: input_from: [50], output_to: [52], output_shapes: [torch.Size([1, 128, 28, 28])], barrier: False, local dim: 3;  accu_time 0.0138s
[rosout][INFO] 2024-05-21 13:50:09,001: 52 conv2d: input_from: [51], output_to: [53], output_shapes: [torch.Size([1, 128, 28, 28])], barrier: False, local dim: 3;  accu_time 0.0143s
[rosout][INFO] 2024-05-21 13:50:09,006: 53 batch_norm: input_from: [52], output_to: [54], output_shapes: [torch.Size([1, 128, 28, 28])], barrier: False, local dim: 3;  accu_time 0.0144s
[rosout][INFO] 2024-05-21 13:50:09,012: 54 relu: input_from: [53], output_to: [55], output_shapes: [torch.Size([1, 128, 28, 28])], barrier: False, local dim: 3;  accu_time 0.0144s
[rosout][INFO] 2024-05-21 13:50:09,017: 55 conv2d: input_from: [54], output_to: [56], output_shapes: [torch.Size([1, 512, 28, 28])], barrier: False, local dim: 3;  accu_time 0.0149s
[rosout][INFO] 2024-05-21 13:50:09,022: 56 batch_norm: input_from: [55], output_to: [57], output_shapes: [torch.Size([1, 512, 28, 28])], barrier: False, local dim: 3;  accu_time 0.0150s
[rosout][INFO] 2024-05-21 13:50:09,027: 57 add_: input_from: [56, 48], output_to: [58], output_shapes: [torch.Size([1, 512, 28, 28])], barrier: False, local dim: 3;  accu_time 0.0152s
[rosout][INFO] 2024-05-21 13:50:09,034: 58 relu: input_from: [57], output_to: [59, 67], output_shapes: [torch.Size([1, 512, 28, 28])], barrier: False, local dim: 3;  accu_time 0.0152s
[rosout][INFO] 2024-05-21 13:50:09,038: 59 conv2d: input_from: [58], output_to: [60], output_shapes: [torch.Size([1, 128, 28, 28])], barrier: False, local dim: 3;  accu_time 0.0177s
[rosout][INFO] 2024-05-21 13:50:09,043: 60 batch_norm: input_from: [59], output_to: [61], output_shapes: [torch.Size([1, 128, 28, 28])], barrier: False, local dim: 3;  accu_time 0.0177s
[rosout][INFO] 2024-05-21 13:50:09,050: 61 relu: input_from: [60], output_to: [62], output_shapes: [torch.Size([1, 128, 28, 28])], barrier: False, local dim: 3;  accu_time 0.0177s
[rosout][INFO] 2024-05-21 13:50:09,055: 62 conv2d: input_from: [61], output_to: [63], output_shapes: [torch.Size([1, 128, 28, 28])], barrier: False, local dim: 3;  accu_time 0.0184s
[rosout][INFO] 2024-05-21 13:50:09,060: 63 batch_norm: input_from: [62], output_to: [64], output_shapes: [torch.Size([1, 128, 28, 28])], barrier: False, local dim: 3;  accu_time 0.0185s
[rosout][INFO] 2024-05-21 13:50:09,066: 64 relu: input_from: [63], output_to: [65], output_shapes: [torch.Size([1, 128, 28, 28])], barrier: False, local dim: 3;  accu_time 0.0185s
[rosout][INFO] 2024-05-21 13:50:09,071: 65 conv2d: input_from: [64], output_to: [66], output_shapes: [torch.Size([1, 512, 28, 28])], barrier: False, local dim: 3;  accu_time 0.0192s
[rosout][INFO] 2024-05-21 13:50:09,076: 66 batch_norm: input_from: [65], output_to: [67], output_shapes: [torch.Size([1, 512, 28, 28])], barrier: False, local dim: 3;  accu_time 0.0193s
[rosout][INFO] 2024-05-21 13:50:09,081: 67 add_: input_from: [66, 58], output_to: [68], output_shapes: [torch.Size([1, 512, 28, 28])], barrier: False, local dim: 3;  accu_time 0.0194s
[rosout][INFO] 2024-05-21 13:50:09,087: 68 relu: input_from: [67], output_to: [69, 77], output_shapes: [torch.Size([1, 512, 28, 28])], barrier: False, local dim: 3;  accu_time 0.0195s
[rosout][INFO] 2024-05-21 13:50:09,091: 69 conv2d: input_from: [68], output_to: [70], output_shapes: [torch.Size([1, 128, 28, 28])], barrier: False, local dim: 3;  accu_time 0.0200s
[rosout][INFO] 2024-05-21 13:50:09,096: 70 batch_norm: input_from: [69], output_to: [71], output_shapes: [torch.Size([1, 128, 28, 28])], barrier: False, local dim: 3;  accu_time 0.0201s
[rosout][INFO] 2024-05-21 13:50:09,102: 71 relu: input_from: [70], output_to: [72], output_shapes: [torch.Size([1, 128, 28, 28])], barrier: False, local dim: 3;  accu_time 0.0201s
[rosout][INFO] 2024-05-21 13:50:09,107: 72 conv2d: input_from: [71], output_to: [73], output_shapes: [torch.Size([1, 128, 28, 28])], barrier: False, local dim: 3;  accu_time 0.0206s
[rosout][INFO] 2024-05-21 13:50:09,113: 73 batch_norm: input_from: [72], output_to: [74], output_shapes: [torch.Size([1, 128, 28, 28])], barrier: False, local dim: 3;  accu_time 0.0207s
[rosout][INFO] 2024-05-21 13:50:09,119: 74 relu: input_from: [73], output_to: [75], output_shapes: [torch.Size([1, 128, 28, 28])], barrier: False, local dim: 3;  accu_time 0.0207s
[rosout][INFO] 2024-05-21 13:50:09,125: 75 conv2d: input_from: [74], output_to: [76], output_shapes: [torch.Size([1, 512, 28, 28])], barrier: False, local dim: 3;  accu_time 0.0213s
[rosout][INFO] 2024-05-21 13:50:09,130: 76 batch_norm: input_from: [75], output_to: [77], output_shapes: [torch.Size([1, 512, 28, 28])], barrier: False, local dim: 3;  accu_time 0.0214s
[rosout][INFO] 2024-05-21 13:50:09,136: 77 add_: input_from: [76, 68], output_to: [78], output_shapes: [torch.Size([1, 512, 28, 28])], barrier: False, local dim: 3;  accu_time 0.0215s
[rosout][INFO] 2024-05-21 13:50:09,141: 78 relu: input_from: [77], output_to: [79, 87], output_shapes: [torch.Size([1, 512, 28, 28])], barrier: False, local dim: 3;  accu_time 0.0216s
[rosout][INFO] 2024-05-21 13:50:09,146: 79 conv2d: input_from: [78], output_to: [80], output_shapes: [torch.Size([1, 256, 28, 28])], barrier: False, local dim: 3;  accu_time 0.0224s
[rosout][INFO] 2024-05-21 13:50:09,152: 80 batch_norm: input_from: [79], output_to: [81], output_shapes: [torch.Size([1, 256, 28, 28])], barrier: False, local dim: 3;  accu_time 0.0225s
[rosout][INFO] 2024-05-21 13:50:09,158: 81 relu: input_from: [80], output_to: [82], output_shapes: [torch.Size([1, 256, 28, 28])], barrier: False, local dim: 3;  accu_time 0.0226s
[rosout][INFO] 2024-05-21 13:50:09,165: 82 conv2d: input_from: [81], output_to: [83], output_shapes: [torch.Size([1, 256, 14, 14])], barrier: False, local dim: 3;  accu_time 0.0238s
[rosout][INFO] 2024-05-21 13:50:09,170: 83 batch_norm: input_from: [82], output_to: [84], output_shapes: [torch.Size([1, 256, 14, 14])], barrier: False, local dim: 3;  accu_time 0.0238s
[rosout][INFO] 2024-05-21 13:50:09,175: 84 relu: input_from: [83], output_to: [85], output_shapes: [torch.Size([1, 256, 14, 14])], barrier: False, local dim: 3;  accu_time 0.0238s
[rosout][INFO] 2024-05-21 13:50:09,180: 85 conv2d: input_from: [84], output_to: [86], output_shapes: [torch.Size([1, 1024, 14, 14])], barrier: False, local dim: 3;  accu_time 0.0244s
[rosout][INFO] 2024-05-21 13:50:09,186: 86 batch_norm: input_from: [85], output_to: [89], output_shapes: [torch.Size([1, 1024, 14, 14])], barrier: False, local dim: 3;  accu_time 0.0244s
[rosout][INFO] 2024-05-21 13:50:09,191: 87 conv2d: input_from: [78], output_to: [88], output_shapes: [torch.Size([1, 1024, 14, 14])], barrier: False, local dim: 3;  accu_time 0.0253s
[rosout][INFO] 2024-05-21 13:50:09,196: 88 batch_norm: input_from: [87], output_to: [89], output_shapes: [torch.Size([1, 1024, 14, 14])], barrier: False, local dim: 3;  accu_time 0.0253s
[rosout][INFO] 2024-05-21 13:50:09,201: 89 add_: input_from: [86, 88], output_to: [90], output_shapes: [torch.Size([1, 1024, 14, 14])], barrier: False, local dim: 3;  accu_time 0.0254s
[rosout][INFO] 2024-05-21 13:50:09,206: 90 relu: input_from: [89], output_to: [91, 99], output_shapes: [torch.Size([1, 1024, 14, 14])], barrier: False, local dim: 3;  accu_time 0.0255s
[rosout][INFO] 2024-05-21 13:50:09,211: 91 conv2d: input_from: [90], output_to: [92], output_shapes: [torch.Size([1, 256, 14, 14])], barrier: False, local dim: 3;  accu_time 0.0260s
[rosout][INFO] 2024-05-21 13:50:09,217: 92 batch_norm: input_from: [91], output_to: [93], output_shapes: [torch.Size([1, 256, 14, 14])], barrier: False, local dim: 3;  accu_time 0.0260s
[rosout][INFO] 2024-05-21 13:50:09,222: 93 relu: input_from: [92], output_to: [94], output_shapes: [torch.Size([1, 256, 14, 14])], barrier: False, local dim: 3;  accu_time 0.0260s
[rosout][INFO] 2024-05-21 13:50:09,226: 94 conv2d: input_from: [93], output_to: [95], output_shapes: [torch.Size([1, 256, 14, 14])], barrier: False, local dim: 3;  accu_time 0.0267s
[rosout][INFO] 2024-05-21 13:50:09,231: 95 batch_norm: input_from: [94], output_to: [96], output_shapes: [torch.Size([1, 256, 14, 14])], barrier: False, local dim: 3;  accu_time 0.0267s
[rosout][INFO] 2024-05-21 13:50:09,236: 96 relu: input_from: [95], output_to: [97], output_shapes: [torch.Size([1, 256, 14, 14])], barrier: False, local dim: 3;  accu_time 0.0267s
[rosout][INFO] 2024-05-21 13:50:09,241: 97 conv2d: input_from: [96], output_to: [98], output_shapes: [torch.Size([1, 1024, 14, 14])], barrier: False, local dim: 3;  accu_time 0.0272s
[rosout][INFO] 2024-05-21 13:50:09,247: 98 batch_norm: input_from: [97], output_to: [99], output_shapes: [torch.Size([1, 1024, 14, 14])], barrier: False, local dim: 3;  accu_time 0.0273s
[rosout][INFO] 2024-05-21 13:50:09,253: 99 add_: input_from: [98, 90], output_to: [100], output_shapes: [torch.Size([1, 1024, 14, 14])], barrier: False, local dim: 3;  accu_time 0.0274s
[rosout][INFO] 2024-05-21 13:50:09,259: 100 relu: input_from: [99], output_to: [101, 109], output_shapes: [torch.Size([1, 1024, 14, 14])], barrier: False, local dim: 3;  accu_time 0.0274s
[rosout][INFO] 2024-05-21 13:50:09,264: 101 conv2d: input_from: [100], output_to: [102], output_shapes: [torch.Size([1, 256, 14, 14])], barrier: False, local dim: 3;  accu_time 0.0279s
[rosout][INFO] 2024-05-21 13:50:09,269: 102 batch_norm: input_from: [101], output_to: [103], output_shapes: [torch.Size([1, 256, 14, 14])], barrier: False, local dim: 3;  accu_time 0.0279s
[rosout][INFO] 2024-05-21 13:50:09,274: 103 relu: input_from: [102], output_to: [104], output_shapes: [torch.Size([1, 256, 14, 14])], barrier: False, local dim: 3;  accu_time 0.0280s
[rosout][INFO] 2024-05-21 13:50:09,279: 104 conv2d: input_from: [103], output_to: [105], output_shapes: [torch.Size([1, 256, 14, 14])], barrier: False, local dim: 3;  accu_time 0.0286s
[rosout][INFO] 2024-05-21 13:50:09,285: 105 batch_norm: input_from: [104], output_to: [106], output_shapes: [torch.Size([1, 256, 14, 14])], barrier: False, local dim: 3;  accu_time 0.0286s
[rosout][INFO] 2024-05-21 13:50:09,290: 106 relu: input_from: [105], output_to: [107], output_shapes: [torch.Size([1, 256, 14, 14])], barrier: False, local dim: 3;  accu_time 0.0286s
[rosout][INFO] 2024-05-21 13:50:09,296: 107 conv2d: input_from: [106], output_to: [108], output_shapes: [torch.Size([1, 1024, 14, 14])], barrier: False, local dim: 3;  accu_time 0.0292s
[rosout][INFO] 2024-05-21 13:50:09,301: 108 batch_norm: input_from: [107], output_to: [109], output_shapes: [torch.Size([1, 1024, 14, 14])], barrier: False, local dim: 3;  accu_time 0.0292s
[rosout][INFO] 2024-05-21 13:50:09,306: 109 add_: input_from: [108, 100], output_to: [110], output_shapes: [torch.Size([1, 1024, 14, 14])], barrier: False, local dim: 3;  accu_time 0.0293s
[rosout][INFO] 2024-05-21 13:50:09,312: 110 relu: input_from: [109], output_to: [111, 119], output_shapes: [torch.Size([1, 1024, 14, 14])], barrier: False, local dim: 3;  accu_time 0.0293s
[rosout][INFO] 2024-05-21 13:50:09,317: 111 conv2d: input_from: [110], output_to: [112], output_shapes: [torch.Size([1, 256, 14, 14])], barrier: False, local dim: 3;  accu_time 0.0299s
[rosout][INFO] 2024-05-21 13:50:09,325: 112 batch_norm: input_from: [111], output_to: [113], output_shapes: [torch.Size([1, 256, 14, 14])], barrier: False, local dim: 3;  accu_time 0.0299s
[rosout][INFO] 2024-05-21 13:50:09,330: 113 relu: input_from: [112], output_to: [114], output_shapes: [torch.Size([1, 256, 14, 14])], barrier: False, local dim: 3;  accu_time 0.0299s
[rosout][INFO] 2024-05-21 13:50:09,339: 114 conv2d: input_from: [113], output_to: [115], output_shapes: [torch.Size([1, 256, 14, 14])], barrier: False, local dim: 3;  accu_time 0.0305s
[rosout][INFO] 2024-05-21 13:50:09,345: 115 batch_norm: input_from: [114], output_to: [116], output_shapes: [torch.Size([1, 256, 14, 14])], barrier: False, local dim: 3;  accu_time 0.0306s
[rosout][INFO] 2024-05-21 13:50:09,351: 116 relu: input_from: [115], output_to: [117], output_shapes: [torch.Size([1, 256, 14, 14])], barrier: False, local dim: 3;  accu_time 0.0306s
[rosout][INFO] 2024-05-21 13:50:09,356: 117 conv2d: input_from: [116], output_to: [118], output_shapes: [torch.Size([1, 1024, 14, 14])], barrier: False, local dim: 3;  accu_time 0.0311s
[rosout][INFO] 2024-05-21 13:50:09,362: 118 batch_norm: input_from: [117], output_to: [119], output_shapes: [torch.Size([1, 1024, 14, 14])], barrier: False, local dim: 3;  accu_time 0.0312s
[rosout][INFO] 2024-05-21 13:50:09,367: 119 add_: input_from: [118, 110], output_to: [120], output_shapes: [torch.Size([1, 1024, 14, 14])], barrier: False, local dim: 3;  accu_time 0.0312s
[rosout][INFO] 2024-05-21 13:50:09,377: 120 relu: input_from: [119], output_to: [121, 129], output_shapes: [torch.Size([1, 1024, 14, 14])], barrier: False, local dim: 3;  accu_time 0.0313s
[rosout][INFO] 2024-05-21 13:50:09,382: 121 conv2d: input_from: [120], output_to: [122], output_shapes: [torch.Size([1, 256, 14, 14])], barrier: False, local dim: 3;  accu_time 0.0318s
[rosout][INFO] 2024-05-21 13:50:09,387: 122 batch_norm: input_from: [121], output_to: [123], output_shapes: [torch.Size([1, 256, 14, 14])], barrier: False, local dim: 3;  accu_time 0.0318s
[rosout][INFO] 2024-05-21 13:50:09,393: 123 relu: input_from: [122], output_to: [124], output_shapes: [torch.Size([1, 256, 14, 14])], barrier: False, local dim: 3;  accu_time 0.0318s
[rosout][INFO] 2024-05-21 13:50:09,398: 124 conv2d: input_from: [123], output_to: [125], output_shapes: [torch.Size([1, 256, 14, 14])], barrier: False, local dim: 3;  accu_time 0.0325s
[rosout][INFO] 2024-05-21 13:50:09,404: 125 batch_norm: input_from: [124], output_to: [126], output_shapes: [torch.Size([1, 256, 14, 14])], barrier: False, local dim: 3;  accu_time 0.0325s
[rosout][INFO] 2024-05-21 13:50:09,410: 126 relu: input_from: [125], output_to: [127], output_shapes: [torch.Size([1, 256, 14, 14])], barrier: False, local dim: 3;  accu_time 0.0325s
[rosout][INFO] 2024-05-21 13:50:09,415: 127 conv2d: input_from: [126], output_to: [128], output_shapes: [torch.Size([1, 1024, 14, 14])], barrier: False, local dim: 3;  accu_time 0.0330s
[rosout][INFO] 2024-05-21 13:50:09,421: 128 batch_norm: input_from: [127], output_to: [129], output_shapes: [torch.Size([1, 1024, 14, 14])], barrier: False, local dim: 3;  accu_time 0.0331s
[rosout][INFO] 2024-05-21 13:50:09,429: 129 add_: input_from: [128, 120], output_to: [130], output_shapes: [torch.Size([1, 1024, 14, 14])], barrier: False, local dim: 3;  accu_time 0.0332s
[rosout][INFO] 2024-05-21 13:50:09,435: 130 relu: input_from: [129], output_to: [131, 139], output_shapes: [torch.Size([1, 1024, 14, 14])], barrier: False, local dim: 3;  accu_time 0.0332s
[rosout][INFO] 2024-05-21 13:50:09,441: 131 conv2d: input_from: [130], output_to: [132], output_shapes: [torch.Size([1, 256, 14, 14])], barrier: False, local dim: 3;  accu_time 0.0337s
[rosout][INFO] 2024-05-21 13:50:09,446: 132 batch_norm: input_from: [131], output_to: [133], output_shapes: [torch.Size([1, 256, 14, 14])], barrier: False, local dim: 3;  accu_time 0.0337s
[rosout][INFO] 2024-05-21 13:50:09,452: 133 relu: input_from: [132], output_to: [134], output_shapes: [torch.Size([1, 256, 14, 14])], barrier: False, local dim: 3;  accu_time 0.0338s
[rosout][INFO] 2024-05-21 13:50:09,457: 134 conv2d: input_from: [133], output_to: [135], output_shapes: [torch.Size([1, 256, 14, 14])], barrier: False, local dim: 3;  accu_time 0.0344s
[rosout][INFO] 2024-05-21 13:50:09,464: 135 batch_norm: input_from: [134], output_to: [136], output_shapes: [torch.Size([1, 256, 14, 14])], barrier: False, local dim: 3;  accu_time 0.0344s
[rosout][INFO] 2024-05-21 13:50:09,469: 136 relu: input_from: [135], output_to: [137], output_shapes: [torch.Size([1, 256, 14, 14])], barrier: False, local dim: 3;  accu_time 0.0344s
[rosout][INFO] 2024-05-21 13:50:09,474: 137 conv2d: input_from: [136], output_to: [138], output_shapes: [torch.Size([1, 1024, 14, 14])], barrier: False, local dim: 3;  accu_time 0.0350s
[rosout][INFO] 2024-05-21 13:50:09,479: 138 batch_norm: input_from: [137], output_to: [139], output_shapes: [torch.Size([1, 1024, 14, 14])], barrier: False, local dim: 3;  accu_time 0.0350s
[rosout][INFO] 2024-05-21 13:50:09,485: 139 add_: input_from: [138, 130], output_to: [140], output_shapes: [torch.Size([1, 1024, 14, 14])], barrier: False, local dim: 3;  accu_time 0.0351s
[rosout][INFO] 2024-05-21 13:50:09,490: 140 relu: input_from: [139], output_to: [141, 149], output_shapes: [torch.Size([1, 1024, 14, 14])], barrier: False, local dim: 3;  accu_time 0.0351s
[rosout][INFO] 2024-05-21 13:50:09,496: 141 conv2d: input_from: [140], output_to: [142], output_shapes: [torch.Size([1, 256, 14, 14])], barrier: False, local dim: 3;  accu_time 0.0357s
[rosout][INFO] 2024-05-21 13:50:09,501: 142 batch_norm: input_from: [141], output_to: [143], output_shapes: [torch.Size([1, 256, 14, 14])], barrier: False, local dim: 3;  accu_time 0.0357s
[rosout][INFO] 2024-05-21 13:50:09,507: 143 relu: input_from: [142], output_to: [144], output_shapes: [torch.Size([1, 256, 14, 14])], barrier: False, local dim: 3;  accu_time 0.0357s
[rosout][INFO] 2024-05-21 13:50:09,513: 144 conv2d: input_from: [143], output_to: [145], output_shapes: [torch.Size([1, 256, 14, 14])], barrier: False, local dim: 3;  accu_time 0.0363s
[rosout][INFO] 2024-05-21 13:50:09,518: 145 batch_norm: input_from: [144], output_to: [146], output_shapes: [torch.Size([1, 256, 14, 14])], barrier: False, local dim: 3;  accu_time 0.0364s
[rosout][INFO] 2024-05-21 13:50:09,524: 146 relu: input_from: [145], output_to: [147], output_shapes: [torch.Size([1, 256, 14, 14])], barrier: False, local dim: 3;  accu_time 0.0364s
[rosout][INFO] 2024-05-21 13:50:09,529: 147 conv2d: input_from: [146], output_to: [148], output_shapes: [torch.Size([1, 1024, 14, 14])], barrier: False, local dim: 3;  accu_time 0.0369s
[rosout][INFO] 2024-05-21 13:50:09,535: 148 batch_norm: input_from: [147], output_to: [149], output_shapes: [torch.Size([1, 1024, 14, 14])], barrier: False, local dim: 3;  accu_time 0.0370s
[rosout][INFO] 2024-05-21 13:50:09,541: 149 add_: input_from: [148, 140], output_to: [150], output_shapes: [torch.Size([1, 1024, 14, 14])], barrier: False, local dim: 3;  accu_time 0.0370s
[rosout][INFO] 2024-05-21 13:50:09,546: 150 relu: input_from: [149], output_to: [151, 159], output_shapes: [torch.Size([1, 1024, 14, 14])], barrier: False, local dim: 3;  accu_time 0.0371s
[rosout][INFO] 2024-05-21 13:50:09,552: 151 conv2d: input_from: [150], output_to: [152], output_shapes: [torch.Size([1, 256, 14, 14])], barrier: False, local dim: 3;  accu_time 0.0376s
[rosout][INFO] 2024-05-21 13:50:09,558: 152 batch_norm: input_from: [151], output_to: [153], output_shapes: [torch.Size([1, 256, 14, 14])], barrier: False, local dim: 3;  accu_time 0.0376s
[rosout][INFO] 2024-05-21 13:50:09,563: 153 relu: input_from: [152], output_to: [154], output_shapes: [torch.Size([1, 256, 14, 14])], barrier: False, local dim: 3;  accu_time 0.0376s
[rosout][INFO] 2024-05-21 13:50:09,569: 154 conv2d: input_from: [153], output_to: [155], output_shapes: [torch.Size([1, 256, 14, 14])], barrier: False, local dim: 3;  accu_time 0.0383s
[rosout][INFO] 2024-05-21 13:50:09,575: 155 batch_norm: input_from: [154], output_to: [156], output_shapes: [torch.Size([1, 256, 14, 14])], barrier: False, local dim: 3;  accu_time 0.0383s
[rosout][INFO] 2024-05-21 13:50:09,582: 156 relu: input_from: [155], output_to: [157], output_shapes: [torch.Size([1, 256, 14, 14])], barrier: False, local dim: 3;  accu_time 0.0383s
[rosout][INFO] 2024-05-21 13:50:09,587: 157 conv2d: input_from: [156], output_to: [158], output_shapes: [torch.Size([1, 1024, 14, 14])], barrier: False, local dim: 3;  accu_time 0.0388s
[rosout][INFO] 2024-05-21 13:50:09,593: 158 batch_norm: input_from: [157], output_to: [159], output_shapes: [torch.Size([1, 1024, 14, 14])], barrier: False, local dim: 3;  accu_time 0.0389s
[rosout][INFO] 2024-05-21 13:50:09,599: 159 add_: input_from: [158, 150], output_to: [160], output_shapes: [torch.Size([1, 1024, 14, 14])], barrier: False, local dim: 3;  accu_time 0.0389s
[rosout][INFO] 2024-05-21 13:50:09,604: 160 relu: input_from: [159], output_to: [161, 169], output_shapes: [torch.Size([1, 1024, 14, 14])], barrier: False, local dim: 3;  accu_time 0.0390s
[rosout][INFO] 2024-05-21 13:50:09,610: 161 conv2d: input_from: [160], output_to: [162], output_shapes: [torch.Size([1, 256, 14, 14])], barrier: False, local dim: 3;  accu_time 0.0395s
[rosout][INFO] 2024-05-21 13:50:09,616: 162 batch_norm: input_from: [161], output_to: [163], output_shapes: [torch.Size([1, 256, 14, 14])], barrier: False, local dim: 3;  accu_time 0.0395s
[rosout][INFO] 2024-05-21 13:50:09,622: 163 relu: input_from: [162], output_to: [164], output_shapes: [torch.Size([1, 256, 14, 14])], barrier: False, local dim: 3;  accu_time 0.0395s
[rosout][INFO] 2024-05-21 13:50:09,627: 164 conv2d: input_from: [163], output_to: [165], output_shapes: [torch.Size([1, 256, 14, 14])], barrier: False, local dim: 3;  accu_time 0.0402s
[rosout][INFO] 2024-05-21 13:50:09,633: 165 batch_norm: input_from: [164], output_to: [166], output_shapes: [torch.Size([1, 256, 14, 14])], barrier: False, local dim: 3;  accu_time 0.0402s
[rosout][INFO] 2024-05-21 13:50:09,639: 166 relu: input_from: [165], output_to: [167], output_shapes: [torch.Size([1, 256, 14, 14])], barrier: False, local dim: 3;  accu_time 0.0402s
[rosout][INFO] 2024-05-21 13:50:09,645: 167 conv2d: input_from: [166], output_to: [168], output_shapes: [torch.Size([1, 1024, 14, 14])], barrier: False, local dim: 3;  accu_time 0.0408s
[rosout][INFO] 2024-05-21 13:50:09,651: 168 batch_norm: input_from: [167], output_to: [169], output_shapes: [torch.Size([1, 1024, 14, 14])], barrier: False, local dim: 3;  accu_time 0.0408s
[rosout][INFO] 2024-05-21 13:50:09,657: 169 add_: input_from: [168, 160], output_to: [170], output_shapes: [torch.Size([1, 1024, 14, 14])], barrier: False, local dim: 3;  accu_time 0.0409s
[rosout][INFO] 2024-05-21 13:50:09,664: 170 relu: input_from: [169], output_to: [171, 179], output_shapes: [torch.Size([1, 1024, 14, 14])], barrier: False, local dim: 3;  accu_time 0.0409s
[rosout][INFO] 2024-05-21 13:50:09,670: 171 conv2d: input_from: [170], output_to: [172], output_shapes: [torch.Size([1, 256, 14, 14])], barrier: False, local dim: 3;  accu_time 0.0414s
[rosout][INFO] 2024-05-21 13:50:09,676: 172 batch_norm: input_from: [171], output_to: [173], output_shapes: [torch.Size([1, 256, 14, 14])], barrier: False, local dim: 3;  accu_time 0.0415s
[rosout][INFO] 2024-05-21 13:50:09,682: 173 relu: input_from: [172], output_to: [174], output_shapes: [torch.Size([1, 256, 14, 14])], barrier: False, local dim: 3;  accu_time 0.0415s
[rosout][INFO] 2024-05-21 13:50:09,689: 174 conv2d: input_from: [173], output_to: [175], output_shapes: [torch.Size([1, 256, 14, 14])], barrier: False, local dim: 3;  accu_time 0.0421s
[rosout][INFO] 2024-05-21 13:50:09,698: 175 batch_norm: input_from: [174], output_to: [176], output_shapes: [torch.Size([1, 256, 14, 14])], barrier: False, local dim: 3;  accu_time 0.0422s
[rosout][INFO] 2024-05-21 13:50:09,705: 176 relu: input_from: [175], output_to: [177], output_shapes: [torch.Size([1, 256, 14, 14])], barrier: False, local dim: 3;  accu_time 0.0422s
[rosout][INFO] 2024-05-21 13:50:09,713: 177 conv2d: input_from: [176], output_to: [178], output_shapes: [torch.Size([1, 1024, 14, 14])], barrier: False, local dim: 3;  accu_time 0.0427s
[rosout][INFO] 2024-05-21 13:50:09,718: 178 batch_norm: input_from: [177], output_to: [179], output_shapes: [torch.Size([1, 1024, 14, 14])], barrier: False, local dim: 3;  accu_time 0.0427s
[rosout][INFO] 2024-05-21 13:50:09,723: 179 add_: input_from: [178, 170], output_to: [180], output_shapes: [torch.Size([1, 1024, 14, 14])], barrier: False, local dim: 3;  accu_time 0.0428s
[rosout][INFO] 2024-05-21 13:50:09,729: 180 relu: input_from: [179], output_to: [181, 189], output_shapes: [torch.Size([1, 1024, 14, 14])], barrier: False, local dim: 3;  accu_time 0.0429s
[rosout][INFO] 2024-05-21 13:50:09,735: 181 conv2d: input_from: [180], output_to: [182], output_shapes: [torch.Size([1, 256, 14, 14])], barrier: False, local dim: 3;  accu_time 0.0434s
[rosout][INFO] 2024-05-21 13:50:09,740: 182 batch_norm: input_from: [181], output_to: [183], output_shapes: [torch.Size([1, 256, 14, 14])], barrier: False, local dim: 3;  accu_time 0.0434s
[rosout][INFO] 2024-05-21 13:50:09,746: 183 relu: input_from: [182], output_to: [184], output_shapes: [torch.Size([1, 256, 14, 14])], barrier: False, local dim: 3;  accu_time 0.0434s
[rosout][INFO] 2024-05-21 13:50:09,752: 184 conv2d: input_from: [183], output_to: [185], output_shapes: [torch.Size([1, 256, 14, 14])], barrier: False, local dim: 3;  accu_time 0.0441s
[rosout][INFO] 2024-05-21 13:50:09,758: 185 batch_norm: input_from: [184], output_to: [186], output_shapes: [torch.Size([1, 256, 14, 14])], barrier: False, local dim: 3;  accu_time 0.0441s
[rosout][INFO] 2024-05-21 13:50:09,764: 186 relu: input_from: [185], output_to: [187], output_shapes: [torch.Size([1, 256, 14, 14])], barrier: False, local dim: 3;  accu_time 0.0441s
[rosout][INFO] 2024-05-21 13:50:09,770: 187 conv2d: input_from: [186], output_to: [188], output_shapes: [torch.Size([1, 1024, 14, 14])], barrier: False, local dim: 3;  accu_time 0.0446s
[rosout][INFO] 2024-05-21 13:50:09,776: 188 batch_norm: input_from: [187], output_to: [189], output_shapes: [torch.Size([1, 1024, 14, 14])], barrier: False, local dim: 3;  accu_time 0.0447s
[rosout][INFO] 2024-05-21 13:50:09,782: 189 add_: input_from: [188, 180], output_to: [190], output_shapes: [torch.Size([1, 1024, 14, 14])], barrier: False, local dim: 3;  accu_time 0.0447s
[rosout][INFO] 2024-05-21 13:50:09,787: 190 relu: input_from: [189], output_to: [191, 199], output_shapes: [torch.Size([1, 1024, 14, 14])], barrier: False, local dim: 3;  accu_time 0.0448s
[rosout][INFO] 2024-05-21 13:50:09,792: 191 conv2d: input_from: [190], output_to: [192], output_shapes: [torch.Size([1, 256, 14, 14])], barrier: False, local dim: 3;  accu_time 0.0453s
[rosout][INFO] 2024-05-21 13:50:09,798: 192 batch_norm: input_from: [191], output_to: [193], output_shapes: [torch.Size([1, 256, 14, 14])], barrier: False, local dim: 3;  accu_time 0.0453s
[rosout][INFO] 2024-05-21 13:50:09,804: 193 relu: input_from: [192], output_to: [194], output_shapes: [torch.Size([1, 256, 14, 14])], barrier: False, local dim: 3;  accu_time 0.0453s
[rosout][INFO] 2024-05-21 13:50:09,809: 194 conv2d: input_from: [193], output_to: [195], output_shapes: [torch.Size([1, 256, 14, 14])], barrier: False, local dim: 3;  accu_time 0.0460s
[rosout][INFO] 2024-05-21 13:50:09,816: 195 batch_norm: input_from: [194], output_to: [196], output_shapes: [torch.Size([1, 256, 14, 14])], barrier: False, local dim: 3;  accu_time 0.0460s
[rosout][INFO] 2024-05-21 13:50:09,822: 196 relu: input_from: [195], output_to: [197], output_shapes: [torch.Size([1, 256, 14, 14])], barrier: False, local dim: 3;  accu_time 0.0460s
[rosout][INFO] 2024-05-21 13:50:09,827: 197 conv2d: input_from: [196], output_to: [198], output_shapes: [torch.Size([1, 1024, 14, 14])], barrier: False, local dim: 3;  accu_time 0.0465s
[rosout][INFO] 2024-05-21 13:50:09,833: 198 batch_norm: input_from: [197], output_to: [199], output_shapes: [torch.Size([1, 1024, 14, 14])], barrier: False, local dim: 3;  accu_time 0.0466s
[rosout][INFO] 2024-05-21 13:50:09,840: 199 add_: input_from: [198, 190], output_to: [200], output_shapes: [torch.Size([1, 1024, 14, 14])], barrier: False, local dim: 3;  accu_time 0.0467s
[rosout][INFO] 2024-05-21 13:50:09,846: 200 relu: input_from: [199], output_to: [201, 209], output_shapes: [torch.Size([1, 1024, 14, 14])], barrier: False, local dim: 3;  accu_time 0.0467s
[rosout][INFO] 2024-05-21 13:50:09,851: 201 conv2d: input_from: [200], output_to: [202], output_shapes: [torch.Size([1, 256, 14, 14])], barrier: False, local dim: 3;  accu_time 0.0472s
[rosout][INFO] 2024-05-21 13:50:09,856: 202 batch_norm: input_from: [201], output_to: [203], output_shapes: [torch.Size([1, 256, 14, 14])], barrier: False, local dim: 3;  accu_time 0.0472s
[rosout][INFO] 2024-05-21 13:50:09,862: 203 relu: input_from: [202], output_to: [204], output_shapes: [torch.Size([1, 256, 14, 14])], barrier: False, local dim: 3;  accu_time 0.0473s
[rosout][INFO] 2024-05-21 13:50:09,868: 204 conv2d: input_from: [203], output_to: [205], output_shapes: [torch.Size([1, 256, 14, 14])], barrier: False, local dim: 3;  accu_time 0.0479s
[rosout][INFO] 2024-05-21 13:50:09,874: 205 batch_norm: input_from: [204], output_to: [206], output_shapes: [torch.Size([1, 256, 14, 14])], barrier: False, local dim: 3;  accu_time 0.0479s
[rosout][INFO] 2024-05-21 13:50:09,880: 206 relu: input_from: [205], output_to: [207], output_shapes: [torch.Size([1, 256, 14, 14])], barrier: False, local dim: 3;  accu_time 0.0480s
[rosout][INFO] 2024-05-21 13:50:09,885: 207 conv2d: input_from: [206], output_to: [208], output_shapes: [torch.Size([1, 1024, 14, 14])], barrier: False, local dim: 3;  accu_time 0.0485s
[rosout][INFO] 2024-05-21 13:50:09,891: 208 batch_norm: input_from: [207], output_to: [209], output_shapes: [torch.Size([1, 1024, 14, 14])], barrier: False, local dim: 3;  accu_time 0.0485s
[rosout][INFO] 2024-05-21 13:50:09,896: 209 add_: input_from: [208, 200], output_to: [210], output_shapes: [torch.Size([1, 1024, 14, 14])], barrier: False, local dim: 3;  accu_time 0.0486s
[rosout][INFO] 2024-05-21 13:50:09,902: 210 relu: input_from: [209], output_to: [211, 219], output_shapes: [torch.Size([1, 1024, 14, 14])], barrier: False, local dim: 3;  accu_time 0.0486s
[rosout][INFO] 2024-05-21 13:50:09,907: 211 conv2d: input_from: [210], output_to: [212], output_shapes: [torch.Size([1, 256, 14, 14])], barrier: False, local dim: 3;  accu_time 0.0492s
[rosout][INFO] 2024-05-21 13:50:09,912: 212 batch_norm: input_from: [211], output_to: [213], output_shapes: [torch.Size([1, 256, 14, 14])], barrier: False, local dim: 3;  accu_time 0.0492s
[rosout][INFO] 2024-05-21 13:50:09,918: 213 relu: input_from: [212], output_to: [214], output_shapes: [torch.Size([1, 256, 14, 14])], barrier: False, local dim: 3;  accu_time 0.0492s
[rosout][INFO] 2024-05-21 13:50:09,923: 214 conv2d: input_from: [213], output_to: [215], output_shapes: [torch.Size([1, 256, 14, 14])], barrier: False, local dim: 3;  accu_time 0.0498s
[rosout][INFO] 2024-05-21 13:50:09,929: 215 batch_norm: input_from: [214], output_to: [216], output_shapes: [torch.Size([1, 256, 14, 14])], barrier: False, local dim: 3;  accu_time 0.0499s
[rosout][INFO] 2024-05-21 13:50:09,934: 216 relu: input_from: [215], output_to: [217], output_shapes: [torch.Size([1, 256, 14, 14])], barrier: False, local dim: 3;  accu_time 0.0499s
[rosout][INFO] 2024-05-21 13:50:09,940: 217 conv2d: input_from: [216], output_to: [218], output_shapes: [torch.Size([1, 1024, 14, 14])], barrier: False, local dim: 3;  accu_time 0.0504s
[rosout][INFO] 2024-05-21 13:50:09,945: 218 batch_norm: input_from: [217], output_to: [219], output_shapes: [torch.Size([1, 1024, 14, 14])], barrier: False, local dim: 3;  accu_time 0.0505s
[rosout][INFO] 2024-05-21 13:50:09,953: 219 add_: input_from: [218, 210], output_to: [220], output_shapes: [torch.Size([1, 1024, 14, 14])], barrier: False, local dim: 3;  accu_time 0.0505s
[rosout][INFO] 2024-05-21 13:50:09,959: 220 relu: input_from: [219], output_to: [221, 229], output_shapes: [torch.Size([1, 1024, 14, 14])], barrier: False, local dim: 3;  accu_time 0.0506s
[rosout][INFO] 2024-05-21 13:50:09,964: 221 conv2d: input_from: [220], output_to: [222], output_shapes: [torch.Size([1, 256, 14, 14])], barrier: False, local dim: 3;  accu_time 0.0511s
[rosout][INFO] 2024-05-21 13:50:09,969: 222 batch_norm: input_from: [221], output_to: [223], output_shapes: [torch.Size([1, 256, 14, 14])], barrier: False, local dim: 3;  accu_time 0.0511s
[rosout][INFO] 2024-05-21 13:50:09,974: 223 relu: input_from: [222], output_to: [224], output_shapes: [torch.Size([1, 256, 14, 14])], barrier: False, local dim: 3;  accu_time 0.0511s
[rosout][INFO] 2024-05-21 13:50:09,980: 224 conv2d: input_from: [223], output_to: [225], output_shapes: [torch.Size([1, 256, 14, 14])], barrier: False, local dim: 3;  accu_time 0.0518s
[rosout][INFO] 2024-05-21 13:50:09,985: 225 batch_norm: input_from: [224], output_to: [226], output_shapes: [torch.Size([1, 256, 14, 14])], barrier: False, local dim: 3;  accu_time 0.0518s
[rosout][INFO] 2024-05-21 13:50:09,991: 226 relu: input_from: [225], output_to: [227], output_shapes: [torch.Size([1, 256, 14, 14])], barrier: False, local dim: 3;  accu_time 0.0518s
[rosout][INFO] 2024-05-21 13:50:09,996: 227 conv2d: input_from: [226], output_to: [228], output_shapes: [torch.Size([1, 1024, 14, 14])], barrier: False, local dim: 3;  accu_time 0.0523s
[rosout][INFO] 2024-05-21 13:50:10,002: 228 batch_norm: input_from: [227], output_to: [229], output_shapes: [torch.Size([1, 1024, 14, 14])], barrier: False, local dim: 3;  accu_time 0.0524s
[rosout][INFO] 2024-05-21 13:50:10,008: 229 add_: input_from: [228, 220], output_to: [230], output_shapes: [torch.Size([1, 1024, 14, 14])], barrier: False, local dim: 3;  accu_time 0.0524s
[rosout][INFO] 2024-05-21 13:50:10,013: 230 relu: input_from: [229], output_to: [231, 239], output_shapes: [torch.Size([1, 1024, 14, 14])], barrier: False, local dim: 3;  accu_time 0.0525s
[rosout][INFO] 2024-05-21 13:50:10,018: 231 conv2d: input_from: [230], output_to: [232], output_shapes: [torch.Size([1, 256, 14, 14])], barrier: False, local dim: 3;  accu_time 0.0530s
[rosout][INFO] 2024-05-21 13:50:10,025: 232 batch_norm: input_from: [231], output_to: [233], output_shapes: [torch.Size([1, 256, 14, 14])], barrier: False, local dim: 3;  accu_time 0.0530s
[rosout][INFO] 2024-05-21 13:50:10,030: 233 relu: input_from: [232], output_to: [234], output_shapes: [torch.Size([1, 256, 14, 14])], barrier: False, local dim: 3;  accu_time 0.0530s
[rosout][INFO] 2024-05-21 13:50:10,035: 234 conv2d: input_from: [233], output_to: [235], output_shapes: [torch.Size([1, 256, 14, 14])], barrier: False, local dim: 3;  accu_time 0.0537s
[rosout][INFO] 2024-05-21 13:50:10,040: 235 batch_norm: input_from: [234], output_to: [236], output_shapes: [torch.Size([1, 256, 14, 14])], barrier: False, local dim: 3;  accu_time 0.0537s
[rosout][INFO] 2024-05-21 13:50:10,045: 236 relu: input_from: [235], output_to: [237], output_shapes: [torch.Size([1, 256, 14, 14])], barrier: False, local dim: 3;  accu_time 0.0537s
[rosout][INFO] 2024-05-21 13:50:10,050: 237 conv2d: input_from: [236], output_to: [238], output_shapes: [torch.Size([1, 1024, 14, 14])], barrier: False, local dim: 3;  accu_time 0.0543s
[rosout][INFO] 2024-05-21 13:50:10,055: 238 batch_norm: input_from: [237], output_to: [239], output_shapes: [torch.Size([1, 1024, 14, 14])], barrier: False, local dim: 3;  accu_time 0.0543s
[rosout][INFO] 2024-05-21 13:50:10,060: 239 add_: input_from: [238, 230], output_to: [240], output_shapes: [torch.Size([1, 1024, 14, 14])], barrier: False, local dim: 3;  accu_time 0.0544s
[rosout][INFO] 2024-05-21 13:50:10,064: 240 relu: input_from: [239], output_to: [241, 249], output_shapes: [torch.Size([1, 1024, 14, 14])], barrier: False, local dim: 3;  accu_time 0.0544s
[rosout][INFO] 2024-05-21 13:50:10,069: 241 conv2d: input_from: [240], output_to: [242], output_shapes: [torch.Size([1, 256, 14, 14])], barrier: False, local dim: 3;  accu_time 0.0549s
[rosout][INFO] 2024-05-21 13:50:10,075: 242 batch_norm: input_from: [241], output_to: [243], output_shapes: [torch.Size([1, 256, 14, 14])], barrier: False, local dim: 3;  accu_time 0.0550s
[rosout][INFO] 2024-05-21 13:50:10,081: 243 relu: input_from: [242], output_to: [244], output_shapes: [torch.Size([1, 256, 14, 14])], barrier: False, local dim: 3;  accu_time 0.0550s
[rosout][INFO] 2024-05-21 13:50:10,086: 244 conv2d: input_from: [243], output_to: [245], output_shapes: [torch.Size([1, 256, 14, 14])], barrier: False, local dim: 3;  accu_time 0.0556s
[rosout][INFO] 2024-05-21 13:50:10,092: 245 batch_norm: input_from: [244], output_to: [246], output_shapes: [torch.Size([1, 256, 14, 14])], barrier: False, local dim: 3;  accu_time 0.0557s
[rosout][INFO] 2024-05-21 13:50:10,097: 246 relu: input_from: [245], output_to: [247], output_shapes: [torch.Size([1, 256, 14, 14])], barrier: False, local dim: 3;  accu_time 0.0557s
[rosout][INFO] 2024-05-21 13:50:10,102: 247 conv2d: input_from: [246], output_to: [248], output_shapes: [torch.Size([1, 1024, 14, 14])], barrier: False, local dim: 3;  accu_time 0.0562s
[rosout][INFO] 2024-05-21 13:50:10,109: 248 batch_norm: input_from: [247], output_to: [249], output_shapes: [torch.Size([1, 1024, 14, 14])], barrier: False, local dim: 3;  accu_time 0.0562s
[rosout][INFO] 2024-05-21 13:50:10,114: 249 add_: input_from: [248, 240], output_to: [250], output_shapes: [torch.Size([1, 1024, 14, 14])], barrier: False, local dim: 3;  accu_time 0.0563s
[rosout][INFO] 2024-05-21 13:50:10,120: 250 relu: input_from: [249], output_to: [251, 259], output_shapes: [torch.Size([1, 1024, 14, 14])], barrier: False, local dim: 3;  accu_time 0.0563s
[rosout][INFO] 2024-05-21 13:50:10,126: 251 conv2d: input_from: [250], output_to: [252], output_shapes: [torch.Size([1, 256, 14, 14])], barrier: False, local dim: 3;  accu_time 0.0569s
[rosout][INFO] 2024-05-21 13:50:10,132: 252 batch_norm: input_from: [251], output_to: [253], output_shapes: [torch.Size([1, 256, 14, 14])], barrier: False, local dim: 3;  accu_time 0.0569s
[rosout][INFO] 2024-05-21 13:50:10,137: 253 relu: input_from: [252], output_to: [254], output_shapes: [torch.Size([1, 256, 14, 14])], barrier: False, local dim: 3;  accu_time 0.0569s
[rosout][INFO] 2024-05-21 13:50:10,144: 254 conv2d: input_from: [253], output_to: [255], output_shapes: [torch.Size([1, 256, 14, 14])], barrier: False, local dim: 3;  accu_time 0.0576s
[rosout][INFO] 2024-05-21 13:50:10,149: 255 batch_norm: input_from: [254], output_to: [256], output_shapes: [torch.Size([1, 256, 14, 14])], barrier: False, local dim: 3;  accu_time 0.0576s
[rosout][INFO] 2024-05-21 13:50:10,154: 256 relu: input_from: [255], output_to: [257], output_shapes: [torch.Size([1, 256, 14, 14])], barrier: False, local dim: 3;  accu_time 0.0576s
[rosout][INFO] 2024-05-21 13:50:10,158: 257 conv2d: input_from: [256], output_to: [258], output_shapes: [torch.Size([1, 1024, 14, 14])], barrier: False, local dim: 3;  accu_time 0.0581s
[rosout][INFO] 2024-05-21 13:50:10,162: 258 batch_norm: input_from: [257], output_to: [259], output_shapes: [torch.Size([1, 1024, 14, 14])], barrier: False, local dim: 3;  accu_time 0.0582s
[rosout][INFO] 2024-05-21 13:50:10,166: 259 add_: input_from: [258, 250], output_to: [260], output_shapes: [torch.Size([1, 1024, 14, 14])], barrier: False, local dim: 3;  accu_time 0.0582s
[rosout][INFO] 2024-05-21 13:50:10,170: 260 relu: input_from: [259], output_to: [261, 269], output_shapes: [torch.Size([1, 1024, 14, 14])], barrier: False, local dim: 3;  accu_time 0.0583s
[rosout][INFO] 2024-05-21 13:50:10,174: 261 conv2d: input_from: [260], output_to: [262], output_shapes: [torch.Size([1, 256, 14, 14])], barrier: False, local dim: 3;  accu_time 0.0588s
[rosout][INFO] 2024-05-21 13:50:10,179: 262 batch_norm: input_from: [261], output_to: [263], output_shapes: [torch.Size([1, 256, 14, 14])], barrier: False, local dim: 3;  accu_time 0.0588s
[rosout][INFO] 2024-05-21 13:50:10,183: 263 relu: input_from: [262], output_to: [264], output_shapes: [torch.Size([1, 256, 14, 14])], barrier: False, local dim: 3;  accu_time 0.0588s
[rosout][INFO] 2024-05-21 13:50:10,186: 264 conv2d: input_from: [263], output_to: [265], output_shapes: [torch.Size([1, 256, 14, 14])], barrier: False, local dim: 3;  accu_time 0.0595s
[rosout][INFO] 2024-05-21 13:50:10,190: 265 batch_norm: input_from: [264], output_to: [266], output_shapes: [torch.Size([1, 256, 14, 14])], barrier: False, local dim: 3;  accu_time 0.0595s
[rosout][INFO] 2024-05-21 13:50:10,195: 266 relu: input_from: [265], output_to: [267], output_shapes: [torch.Size([1, 256, 14, 14])], barrier: False, local dim: 3;  accu_time 0.0595s
[rosout][INFO] 2024-05-21 13:50:10,199: 267 conv2d: input_from: [266], output_to: [268], output_shapes: [torch.Size([1, 1024, 14, 14])], barrier: False, local dim: 3;  accu_time 0.0600s
[rosout][INFO] 2024-05-21 13:50:10,203: 268 batch_norm: input_from: [267], output_to: [269], output_shapes: [torch.Size([1, 1024, 14, 14])], barrier: False, local dim: 3;  accu_time 0.0601s
[rosout][INFO] 2024-05-21 13:50:10,207: 269 add_: input_from: [268, 260], output_to: [270], output_shapes: [torch.Size([1, 1024, 14, 14])], barrier: False, local dim: 3;  accu_time 0.0602s
[rosout][INFO] 2024-05-21 13:50:10,212: 270 relu: input_from: [269], output_to: [271, 279], output_shapes: [torch.Size([1, 1024, 14, 14])], barrier: False, local dim: 3;  accu_time 0.0602s
[rosout][INFO] 2024-05-21 13:50:10,217: 271 conv2d: input_from: [270], output_to: [272], output_shapes: [torch.Size([1, 256, 14, 14])], barrier: False, local dim: 3;  accu_time 0.0607s
[rosout][INFO] 2024-05-21 13:50:10,221: 272 batch_norm: input_from: [271], output_to: [273], output_shapes: [torch.Size([1, 256, 14, 14])], barrier: False, local dim: 3;  accu_time 0.0607s
[rosout][INFO] 2024-05-21 13:50:10,225: 273 relu: input_from: [272], output_to: [274], output_shapes: [torch.Size([1, 256, 14, 14])], barrier: False, local dim: 3;  accu_time 0.0608s
[rosout][INFO] 2024-05-21 13:50:10,229: 274 conv2d: input_from: [273], output_to: [275], output_shapes: [torch.Size([1, 256, 14, 14])], barrier: False, local dim: 3;  accu_time 0.0614s
[rosout][INFO] 2024-05-21 13:50:10,234: 275 batch_norm: input_from: [274], output_to: [276], output_shapes: [torch.Size([1, 256, 14, 14])], barrier: False, local dim: 3;  accu_time 0.0614s
[rosout][INFO] 2024-05-21 13:50:10,238: 276 relu: input_from: [275], output_to: [277], output_shapes: [torch.Size([1, 256, 14, 14])], barrier: False, local dim: 3;  accu_time 0.0615s
[rosout][INFO] 2024-05-21 13:50:10,242: 277 conv2d: input_from: [276], output_to: [278], output_shapes: [torch.Size([1, 1024, 14, 14])], barrier: False, local dim: 3;  accu_time 0.0620s
[rosout][INFO] 2024-05-21 13:50:10,247: 278 batch_norm: input_from: [277], output_to: [279], output_shapes: [torch.Size([1, 1024, 14, 14])], barrier: False, local dim: 3;  accu_time 0.0620s
[rosout][INFO] 2024-05-21 13:50:10,255: 279 add_: input_from: [278, 270], output_to: [280], output_shapes: [torch.Size([1, 1024, 14, 14])], barrier: False, local dim: 3;  accu_time 0.0621s
[rosout][INFO] 2024-05-21 13:50:10,261: 280 relu: input_from: [279], output_to: [281, 289], output_shapes: [torch.Size([1, 1024, 14, 14])], barrier: False, local dim: 3;  accu_time 0.0621s
[rosout][INFO] 2024-05-21 13:50:10,267: 281 conv2d: input_from: [280], output_to: [282], output_shapes: [torch.Size([1, 256, 14, 14])], barrier: False, local dim: 3;  accu_time 0.0627s
[rosout][INFO] 2024-05-21 13:50:10,272: 282 batch_norm: input_from: [281], output_to: [283], output_shapes: [torch.Size([1, 256, 14, 14])], barrier: False, local dim: 3;  accu_time 0.0627s
[rosout][INFO] 2024-05-21 13:50:10,277: 283 relu: input_from: [282], output_to: [284], output_shapes: [torch.Size([1, 256, 14, 14])], barrier: False, local dim: 3;  accu_time 0.0627s
[rosout][INFO] 2024-05-21 13:50:10,283: 284 conv2d: input_from: [283], output_to: [285], output_shapes: [torch.Size([1, 256, 14, 14])], barrier: False, local dim: 3;  accu_time 0.0634s
[rosout][INFO] 2024-05-21 13:50:10,288: 285 batch_norm: input_from: [284], output_to: [286], output_shapes: [torch.Size([1, 256, 14, 14])], barrier: False, local dim: 3;  accu_time 0.0634s
[rosout][INFO] 2024-05-21 13:50:10,294: 286 relu: input_from: [285], output_to: [287], output_shapes: [torch.Size([1, 256, 14, 14])], barrier: False, local dim: 3;  accu_time 0.0634s
[rosout][INFO] 2024-05-21 13:50:10,302: 287 conv2d: input_from: [286], output_to: [288], output_shapes: [torch.Size([1, 1024, 14, 14])], barrier: False, local dim: 3;  accu_time 0.0639s
[rosout][INFO] 2024-05-21 13:50:10,308: 288 batch_norm: input_from: [287], output_to: [289], output_shapes: [torch.Size([1, 1024, 14, 14])], barrier: False, local dim: 3;  accu_time 0.0640s
[rosout][INFO] 2024-05-21 13:50:10,313: 289 add_: input_from: [288, 280], output_to: [290], output_shapes: [torch.Size([1, 1024, 14, 14])], barrier: False, local dim: 3;  accu_time 0.0640s
[rosout][INFO] 2024-05-21 13:50:10,319: 290 relu: input_from: [289], output_to: [291, 299], output_shapes: [torch.Size([1, 1024, 14, 14])], barrier: False, local dim: 3;  accu_time 0.0641s
[rosout][INFO] 2024-05-21 13:50:10,325: 291 conv2d: input_from: [290], output_to: [292], output_shapes: [torch.Size([1, 256, 14, 14])], barrier: False, local dim: 3;  accu_time 0.0646s
[rosout][INFO] 2024-05-21 13:50:10,330: 292 batch_norm: input_from: [291], output_to: [293], output_shapes: [torch.Size([1, 256, 14, 14])], barrier: False, local dim: 3;  accu_time 0.0646s
[rosout][INFO] 2024-05-21 13:50:10,336: 293 relu: input_from: [292], output_to: [294], output_shapes: [torch.Size([1, 256, 14, 14])], barrier: False, local dim: 3;  accu_time 0.0646s
[rosout][INFO] 2024-05-21 13:50:10,342: 294 conv2d: input_from: [293], output_to: [295], output_shapes: [torch.Size([1, 256, 14, 14])], barrier: False, local dim: 3;  accu_time 0.0653s
[rosout][INFO] 2024-05-21 13:50:10,348: 295 batch_norm: input_from: [294], output_to: [296], output_shapes: [torch.Size([1, 256, 14, 14])], barrier: False, local dim: 3;  accu_time 0.0653s
[rosout][INFO] 2024-05-21 13:50:10,355: 296 relu: input_from: [295], output_to: [297], output_shapes: [torch.Size([1, 256, 14, 14])], barrier: False, local dim: 3;  accu_time 0.0653s
[rosout][INFO] 2024-05-21 13:50:10,361: 297 conv2d: input_from: [296], output_to: [298], output_shapes: [torch.Size([1, 1024, 14, 14])], barrier: False, local dim: 3;  accu_time 0.0659s
[rosout][INFO] 2024-05-21 13:50:10,368: 298 batch_norm: input_from: [297], output_to: [299], output_shapes: [torch.Size([1, 1024, 14, 14])], barrier: False, local dim: 3;  accu_time 0.0659s
[rosout][INFO] 2024-05-21 13:50:10,374: 299 add_: input_from: [298, 290], output_to: [300], output_shapes: [torch.Size([1, 1024, 14, 14])], barrier: False, local dim: 3;  accu_time 0.0660s
[rosout][INFO] 2024-05-21 13:50:10,379: 300 relu: input_from: [299], output_to: [301, 309], output_shapes: [torch.Size([1, 1024, 14, 14])], barrier: False, local dim: 3;  accu_time 0.0660s
[rosout][INFO] 2024-05-21 13:50:10,385: 301 conv2d: input_from: [300], output_to: [302], output_shapes: [torch.Size([1, 256, 14, 14])], barrier: False, local dim: 3;  accu_time 0.0666s
[rosout][INFO] 2024-05-21 13:50:10,391: 302 batch_norm: input_from: [301], output_to: [303], output_shapes: [torch.Size([1, 256, 14, 14])], barrier: False, local dim: 3;  accu_time 0.0666s
[rosout][INFO] 2024-05-21 13:50:10,397: 303 relu: input_from: [302], output_to: [304], output_shapes: [torch.Size([1, 256, 14, 14])], barrier: False, local dim: 3;  accu_time 0.0666s
[rosout][INFO] 2024-05-21 13:50:10,402: 304 conv2d: input_from: [303], output_to: [305], output_shapes: [torch.Size([1, 256, 14, 14])], barrier: False, local dim: 3;  accu_time 0.0673s
[rosout][INFO] 2024-05-21 13:50:10,407: 305 batch_norm: input_from: [304], output_to: [306], output_shapes: [torch.Size([1, 256, 14, 14])], barrier: False, local dim: 3;  accu_time 0.0673s
[rosout][INFO] 2024-05-21 13:50:10,413: 306 relu: input_from: [305], output_to: [307], output_shapes: [torch.Size([1, 256, 14, 14])], barrier: False, local dim: 3;  accu_time 0.0673s
[rosout][INFO] 2024-05-21 13:50:10,419: 307 conv2d: input_from: [306], output_to: [308], output_shapes: [torch.Size([1, 1024, 14, 14])], barrier: False, local dim: 3;  accu_time 0.0678s
[rosout][INFO] 2024-05-21 13:50:10,424: 308 batch_norm: input_from: [307], output_to: [309], output_shapes: [torch.Size([1, 1024, 14, 14])], barrier: False, local dim: 3;  accu_time 0.0679s
[rosout][INFO] 2024-05-21 13:50:10,429: 309 add_: input_from: [308, 300], output_to: [310], output_shapes: [torch.Size([1, 1024, 14, 14])], barrier: False, local dim: 3;  accu_time 0.0679s
[rosout][INFO] 2024-05-21 13:50:10,436: 310 relu: input_from: [309], output_to: [311, 319], output_shapes: [torch.Size([1, 1024, 14, 14])], barrier: False, local dim: 3;  accu_time 0.0680s
[rosout][INFO] 2024-05-21 13:50:10,441: 311 conv2d: input_from: [310], output_to: [312], output_shapes: [torch.Size([1, 512, 14, 14])], barrier: False, local dim: 3;  accu_time 0.0689s
[rosout][INFO] 2024-05-21 13:50:10,446: 312 batch_norm: input_from: [311], output_to: [313], output_shapes: [torch.Size([1, 512, 14, 14])], barrier: False, local dim: 3;  accu_time 0.0689s
[rosout][INFO] 2024-05-21 13:50:10,451: 313 relu: input_from: [312], output_to: [314], output_shapes: [torch.Size([1, 512, 14, 14])], barrier: False, local dim: 3;  accu_time 0.0689s
[rosout][INFO] 2024-05-21 13:50:10,457: 314 conv2d: input_from: [313], output_to: [315], output_shapes: [torch.Size([1, 512, 7, 7])], barrier: False, local dim: 3;  accu_time 0.0717s
[rosout][INFO] 2024-05-21 13:50:10,463: 315 batch_norm: input_from: [314], output_to: [316], output_shapes: [torch.Size([1, 512, 7, 7])], barrier: False, local dim: 3;  accu_time 0.0718s
[rosout][INFO] 2024-05-21 13:50:10,469: 316 relu: input_from: [315], output_to: [317], output_shapes: [torch.Size([1, 512, 7, 7])], barrier: False, local dim: 3;  accu_time 0.0718s
[rosout][INFO] 2024-05-21 13:50:10,475: 317 conv2d: input_from: [316], output_to: [318], output_shapes: [torch.Size([1, 2048, 7, 7])], barrier: False, local dim: 3;  accu_time 0.0726s
[rosout][INFO] 2024-05-21 13:50:10,481: 318 batch_norm: input_from: [317], output_to: [321], output_shapes: [torch.Size([1, 2048, 7, 7])], barrier: False, local dim: 3;  accu_time 0.0727s
[rosout][INFO] 2024-05-21 13:50:10,488: 319 conv2d: input_from: [310], output_to: [320], output_shapes: [torch.Size([1, 2048, 7, 7])], barrier: False, local dim: 3;  accu_time 0.0737s
[rosout][INFO] 2024-05-21 13:50:10,493: 320 batch_norm: input_from: [319], output_to: [321], output_shapes: [torch.Size([1, 2048, 7, 7])], barrier: False, local dim: 3;  accu_time 0.0737s
[rosout][INFO] 2024-05-21 13:50:10,498: 321 add_: input_from: [318, 320], output_to: [322], output_shapes: [torch.Size([1, 2048, 7, 7])], barrier: False, local dim: 3;  accu_time 0.0738s
[rosout][INFO] 2024-05-21 13:50:10,502: 322 relu: input_from: [321], output_to: [323, 331], output_shapes: [torch.Size([1, 2048, 7, 7])], barrier: False, local dim: 3;  accu_time 0.0738s
[rosout][INFO] 2024-05-21 13:50:10,506: 323 conv2d: input_from: [322], output_to: [324], output_shapes: [torch.Size([1, 512, 7, 7])], barrier: False, local dim: 3;  accu_time 0.0747s
[rosout][INFO] 2024-05-21 13:50:10,510: 324 batch_norm: input_from: [323], output_to: [325], output_shapes: [torch.Size([1, 512, 7, 7])], barrier: False, local dim: 3;  accu_time 0.0747s
[rosout][INFO] 2024-05-21 13:50:10,515: 325 relu: input_from: [324], output_to: [326], output_shapes: [torch.Size([1, 512, 7, 7])], barrier: False, local dim: 3;  accu_time 0.0748s
[rosout][INFO] 2024-05-21 13:50:10,519: 326 conv2d: input_from: [325], output_to: [327], output_shapes: [torch.Size([1, 512, 7, 7])], barrier: False, local dim: 3;  accu_time 0.0765s
[rosout][INFO] 2024-05-21 13:50:10,523: 327 batch_norm: input_from: [326], output_to: [328], output_shapes: [torch.Size([1, 512, 7, 7])], barrier: False, local dim: 3;  accu_time 0.0765s
[rosout][INFO] 2024-05-21 13:50:10,527: 328 relu: input_from: [327], output_to: [329], output_shapes: [torch.Size([1, 512, 7, 7])], barrier: False, local dim: 3;  accu_time 0.0765s
[rosout][INFO] 2024-05-21 13:50:10,531: 329 conv2d: input_from: [328], output_to: [330], output_shapes: [torch.Size([1, 2048, 7, 7])], barrier: False, local dim: 3;  accu_time 0.0774s
[rosout][INFO] 2024-05-21 13:50:10,536: 330 batch_norm: input_from: [329], output_to: [331], output_shapes: [torch.Size([1, 2048, 7, 7])], barrier: False, local dim: 3;  accu_time 0.0774s
[rosout][INFO] 2024-05-21 13:50:10,540: 331 add_: input_from: [330, 322], output_to: [332], output_shapes: [torch.Size([1, 2048, 7, 7])], barrier: False, local dim: 3;  accu_time 0.0775s
[rosout][INFO] 2024-05-21 13:50:10,544: 332 relu: input_from: [331], output_to: [333, 341], output_shapes: [torch.Size([1, 2048, 7, 7])], barrier: False, local dim: 3;  accu_time 0.0775s
[rosout][INFO] 2024-05-21 13:50:10,548: 333 conv2d: input_from: [332], output_to: [334], output_shapes: [torch.Size([1, 512, 7, 7])], barrier: False, local dim: 3;  accu_time 0.0784s
[rosout][INFO] 2024-05-21 13:50:10,552: 334 batch_norm: input_from: [333], output_to: [335], output_shapes: [torch.Size([1, 512, 7, 7])], barrier: False, local dim: 3;  accu_time 0.0784s
[rosout][INFO] 2024-05-21 13:50:10,556: 335 relu: input_from: [334], output_to: [336], output_shapes: [torch.Size([1, 512, 7, 7])], barrier: False, local dim: 3;  accu_time 0.0784s
[rosout][INFO] 2024-05-21 13:50:10,560: 336 conv2d: input_from: [335], output_to: [337], output_shapes: [torch.Size([1, 512, 7, 7])], barrier: False, local dim: 3;  accu_time 0.0801s
[rosout][INFO] 2024-05-21 13:50:10,564: 337 batch_norm: input_from: [336], output_to: [338], output_shapes: [torch.Size([1, 512, 7, 7])], barrier: False, local dim: 3;  accu_time 0.0801s
[rosout][INFO] 2024-05-21 13:50:10,568: 338 relu: input_from: [337], output_to: [339], output_shapes: [torch.Size([1, 512, 7, 7])], barrier: False, local dim: 3;  accu_time 0.0801s
[rosout][INFO] 2024-05-21 13:50:10,573: 339 conv2d: input_from: [338], output_to: [340], output_shapes: [torch.Size([1, 2048, 7, 7])], barrier: False, local dim: 3;  accu_time 0.0810s
[rosout][INFO] 2024-05-21 13:50:10,579: 340 batch_norm: input_from: [339], output_to: [341], output_shapes: [torch.Size([1, 2048, 7, 7])], barrier: False, local dim: 3;  accu_time 0.0810s
[rosout][INFO] 2024-05-21 13:50:10,584: 341 add_: input_from: [340, 332], output_to: [342], output_shapes: [torch.Size([1, 2048, 7, 7])], barrier: False, local dim: 3;  accu_time 0.0811s
[rosout][INFO] 2024-05-21 13:50:10,589: 342 relu: input_from: [341], output_to: [343], output_shapes: [torch.Size([1, 2048, 7, 7])], barrier: False, local dim: 3;  accu_time 0.0811s
[rosout][INFO] 2024-05-21 13:50:10,595: 343 adaptive_avg_pool2d: input_from: [342], output_to: [344], output_shapes: [torch.Size([1, 2048, 1, 1])], barrier: True, local dim: None;  accu_time 0.0811s
[rosout][INFO] 2024-05-21 13:50:10,602: 344 flatten: input_from: [343], output_to: [345], output_shapes: [torch.Size([1, 2048])], barrier: True, local dim: None;  accu_time 0.0811s
[rosout][INFO] 2024-05-21 13:50:10,606: 345 linear: input_from: [344], output_to: [346], output_shapes: [torch.Size([1, 1000])], barrier: True, local dim: None;  accu_time 0.0814s
[rosout][INFO] 2024-05-21 13:50:10,611: 346 _end: input_from: [345], output_to: [-1], output_shapes: [torch.Size([1, 1000])], barrier: True, local dim: None;  accu_time 0.0814s
[rosout][INFO] 2024-05-21 13:50:10,616: total 347 ops (filtered from 451 ops); time 0.0814s (aligned by 1.0219 sleep_step 42).

[rosout][INFO] 2024-05-21 13:50:10,646: Waiting for graph processing at the server
[rosout][INFO] 2024-05-21 13:51:48,071: 0 bytes read on a total of 16 expected bytes
[rosout][INFO] 2024-05-21 13:51:48,080: client: terminating...
[rosout][INFO] 2024-05-21 13:51:48,087: client: terminating...
[rosout][INFO] 2024-05-21 13:51:48,407: client: terminated.
[rospy.core][INFO] 2024-05-21 13:51:48,420: signal_shutdown [atexit]
